Arguments: 
  /usr/local/bin/node /usr/local/bin/yarn add -D @types/fs

PATH: 
  /home/eduardohenriquezup/.zinit/polaris/bin:/home/eduardohenriquezup/.cargo/bin:/usr/local/sbin:/usr/local/bin:/usr/sbin:/usr/bin:/sbin:/bin:/usr/games:/usr/local/games:/mnt/c/Program Files (x86)/NVIDIA Corporation/PhysX/Common:/mnt/c/Python27/:/mnt/c/Python27/Scripts:/mnt/c/Python38/Scripts/:/mnt/c/Python38/:/mnt/c/Program Files (x86)/Common Files/Oracle/Java/javapath:/mnt/c/Windows/system32:/mnt/c/Windows:/mnt/c/Windows/System32/Wbem:/mnt/c/Windows/System32/WindowsPowerShell/v1.0/:/mnt/c/Windows/System32/OpenSSH/:/mnt/c/ProgramData/chocolatey/bin:/mnt/c/Program Files/Java/jre1.8.0_251/bin:/mnt/c/tools/apache-maven-3.6.3/bin:/mnt/c/Users/Zupper/AppData/Local/Microsoft/WindowsApps:/mnt/c/Users/Zupper/AppData/Local/Programs/Microsoft VS Code/bin:/mnt/c/Program Files/JetBrains/IntelliJ IDEA Community Edition 2019.3.1/bin:/mnt/c/Program Files/Heroku/bin:/mnt/c/Users/Zupper/AppData/Roaming/npm:/mnt/c/tools/Cmder:/mnt/c/Users/Zupper/AppData/Local/Yarn/bin:/mnt/c/Users/Zupper/AppData/Local/Pub/Cache/bin:/mnt/c/flutter/bin:/mnt/c/Program Files (x86)/Yarn/bin/:/mnt/c/WINDOWS/system32:/mnt/c/WINDOWS:/mnt/c/WINDOWS/System32/Wbem:/mnt/c/WINDOWS/System32/WindowsPowerShell/v1.0/:/mnt/c/WINDOWS/System32/OpenSSH/:/mnt/c/Program Files/nodejs/:/mnt/c/Program Files/PowerShell/7/:/mnt/c/Program Files/Git/cmd:/mnt/c/Program Files/Docker/Docker/resources/bin:/mnt/c/ProgramData/DockerDesktop/version-bin:/mnt/c/Users/Zupper/AppData/Local/Microsoft/WindowsApps:/mnt/c/Users/Zupper/AppData/Local/Programs/Microsoft VS Code/bin:/mnt/c/Program Files/JetBrains/IntelliJ IDEA Community Edition 2020.1.1/bin:/mnt/c/Program Files/Heroku/bin:/mnt/c/tools/Cmder:/mnt/c/Users/Zupper/go/bin:/mnt/c/Program Files/PowerShell/7/pwsh:/mnt/c/Users/Zupper/AppData/Local/Discord/app-0.0.306:/mnt/c/Program Files/Mozilla Firefox:/mnt/c/Program Files/Git/:/mnt/c/Program Files/JetBrains/WebStorm 2020.1/bin:/mnt/c/Users/Zupper/rit/:/mnt/c/Users/Zupper/.deno/bin:/mnt/c/Users/Zupper/AppData/Local/hyper/app-3.0.2/resources/bin:/mnt/c/tools/dart-sdk/bin:/mnt/c/Users/Zupper/AppData/Roaming/Pub/Cache/bin:/mnt/c/Users/Zupper/AppData/Local/Yarn/bin:/mnt/c/Users/Zupper/AppData/Local/Microsoft/WindowsApps:/mnt/c/Users/Zupper/AppData/Roaming/npm:/mnt/c/Program Files/JetBrains/IntelliJ IDEA Community Edition 2020.3.2/bin:/mnt/c/Program Files (x86)/rit/:/mnt/c/Users/Zupper/src/flutter/bin

Yarn version: 
  1.22.10

Node version: 
  14.17.0

Platform: 
  linux x64

Trace: 
  Error: https://registry.yarnpkg.com/@types%2ffs: Not found
      at Request.params.callback [as _callback] (/usr/local/lib/node_modules/yarn/lib/cli.js:66988:18)
      at Request.self.callback (/usr/local/lib/node_modules/yarn/lib/cli.js:140662:22)
      at Request.emit (events.js:376:20)
      at Request.<anonymous> (/usr/local/lib/node_modules/yarn/lib/cli.js:141634:10)
      at Request.emit (events.js:376:20)
      at IncomingMessage.<anonymous> (/usr/local/lib/node_modules/yarn/lib/cli.js:141556:12)
      at Object.onceWrapper (events.js:482:28)
      at IncomingMessage.emit (events.js:388:22)
      at endReadableNT (internal/streams/readable.js:1336:12)
      at processTicksAndRejections (internal/process/task_queues.js:82:21)

npm manifest: 
  {
    "name": "celso",
    "version": "1.0.0",
    "description": "",
    "main": "index.js",
    "scripts": {
      "test": "echo \"Error: no test specified\" && exit 1"
    },
    "author": "",
    "license": "ISC",
    "dependencies": {
      "csvtojson": "^2.0.10",
      "fs": "^0.0.1-security"
    }
  }

yarn manifest: 
  No manifest

Lockfile: 
  # THIS IS AN AUTOGENERATED FILE. DO NOT EDIT THIS FILE DIRECTLY.
  # yarn lockfile v1
  
  
  bluebird@^3.5.1:
    version "3.7.2"
    resolved "https://registry.yarnpkg.com/bluebird/-/bluebird-3.7.2.tgz#9f229c15be272454ffa973ace0dbee79a1b0c36f"
    integrity sha512-XpNj6GDQzdfW+r2Wnn7xiSAd7TM3jzkxGXBGTtWKuSXv1xUV+azxAm8jdWZN06QTQk+2N2XB9jRDkvbmQmcRtg==
  
  csvtojson@^2.0.10:
    version "2.0.10"
    resolved "https://registry.yarnpkg.com/csvtojson/-/csvtojson-2.0.10.tgz#11e7242cc630da54efce7958a45f443210357574"
    integrity sha512-lUWFxGKyhraKCW8Qghz6Z0f2l/PqB1W3AO0HKJzGIQ5JRSlR651ekJDiGJbBT4sRNNv5ddnSGVEnsxP9XRCVpQ==
    dependencies:
      bluebird "^3.5.1"
      lodash "^4.17.3"
      strip-bom "^2.0.0"
  
  fs@^0.0.1-security:
    version "0.0.1-security"
    resolved "https://registry.yarnpkg.com/fs/-/fs-0.0.1-security.tgz#8a7bd37186b6dddf3813f23858b57ecaaf5e41d4"
    integrity sha1-invTcYa23d84E/I4WLV+yq9eQdQ=
  
  is-utf8@^0.2.0:
    version "0.2.1"
    resolved "https://registry.yarnpkg.com/is-utf8/-/is-utf8-0.2.1.tgz#4b0da1442104d1b336340e80797e865cf39f7d72"
    integrity sha1-Sw2hRCEE0bM2NA6AeX6GXPOffXI=
  
  lodash@^4.17.3:
    version "4.17.21"
    resolved "https://registry.yarnpkg.com/lodash/-/lodash-4.17.21.tgz#679591c564c3bffaae8454cf0b3df370c3d6911c"
    integrity sha512-v2kDEe57lecTulaDIuNTPy3Ry4gLGJ6Z1O3vE1krgXZNrsQ+LFTGHVxVjcXPs17LhbZVGedAJv8XZ1tvj5FvSg==
  
  strip-bom@^2.0.0:
    version "2.0.0"
    resolved "https://registry.yarnpkg.com/strip-bom/-/strip-bom-2.0.0.tgz#6219a85616520491f35788bdbf1447a99c7e6b0e"
    integrity sha1-YhmoVhZSBJHzV4i9vxRHqZx+aw4=
    dependencies:
      is-utf8 "^0.2.0"
